[Loading] INITIALIZING
Starting TLauncher PRE 2.878 RELEASE
For more information, visit https://tlauncher.org/
Startup time: 14.03.2023 8:46:53
Running folder E:\Игры\MineClient
---
[Loading] LOADING_CONFIGURATION
Machine info: -------------------------------------------------------
Windows 10 10.0, Java 1.8.0_281, jvm bit x64, 32709 MB RAM
java path=C:\Users\Ferrax\AppData\Roaming\.tlauncher\jvms\jre1.8.0_281\bin\javaw.exe
Intel(R) Core(TM) i7-3820 CPU @ 3.60GHz
 NVIDIA GeForce RTX 3060, NVIDIA GeForce RTX 3060, 28491 MB
-------------------------------------------------------
Selected locale: ru_RU
[Loading] LOADING_CONSOLE
[Downloader2] Loaded configuration: good
[Updater] Requesting an update...
[Updater] Requesting from: https://repo.tlauncher.org/update/lch/update_test_master_2.0.json
[Updater] Making request: https://repo.tlauncher.org/update/lch/update_test_master_2.0.json?version=2.878&client=c5ed10e3-bec1-417c-8cde-44b74b82db13
[Browser] Loading resources...
[Updater] Request time: 241 ms
[Updater] Successfully requested from: https://repo.tlauncher.org/update/lch/update_test_master_2.0.json
[Browser] Loading background...
[Browser] Cleaning up after loading:
Starting garbage collector: 171 / 391 MB
Garbage collector completed: 28 / 484 MB
[Loading] LOADING_MANAGERS
[LocalVersionList] Base directory: E:\Игры\MineClient
[ProfileManager] Refreshing profiles from: E:\Игры\MineClient\TlauncherProfiles.json
[AdvertisingStatusObserver]  started to get ad information
[AdvertisingStatusObserver]  finished to get add information
save profiles
[GsonUtil]  request to https://repo.tlauncher.org/update/downloads/libraries/org/tlauncher/authlib/libraries-1.7.json
[Loading] LOADING_WINDOW
[JFXStartPageLoader]  start load page: https://page.tlauncher.org/update/downloads/configs/client/index.html
[Browser] Running in JavaFX Thread
[Browser] Preparing JavaFX...
[Swing] Favicons loaded: 256px, 128px, 96px, 64px, 48px, 32px, 24px, 16px
[Loading] PREPARING_MAINPANE
[Browser] Initializing...
[REPO][SERVER_LIST_REPO] Success: Reached the repo in 141 ms.
[JFXStartPageLoader]  succeeded load page: https://page.tlauncher.org/update/downloads/configs/client/index.html during 0
[Browser@1309329733] Loaded successfully: "https://page.tlauncher.org/update/downloads/configs/client/index.html"
[Browser] add listens into server_choose
[Browser] finished listens into server_choose
[Downloader2] Loaded configuration: good
[Loading] POSTINIT_GUI
[Frame] Packing main frame...
[Frame] Resizing main pane...
Updater is already closed. Showing up...
Visibility set.
[Loading] REFRESHING_INFO
[VersionManager] Refreshing versions remotely...
[REPO][EXTRA_VERSION_REPO] Attempt #1; timeout: 30000 ms; url: https://repo.tlauncher.org/update/downloads/versions/new4/
Started! (4909 ms.)
[Loading] SUCCESS
[TLauncher] show tlauncher!!!
[REPO][EXTRA_VERSION_REPO] Success: Reached the repo in 74 ms.
[REPO][EXTRA_VERSION_REPO] Attempt #1; timeout: 30000 ms; url: https://repo.tlauncher.org/update/downloads/versions/new4/
[REPO][SKIN_VERSION_REPO] Attempt #1; timeout: 30000 ms; url: https://repo.tlauncher.org/update/downloads/versions/new4/skin/versions/
[REPO][OFFICIAL_VERSION_REPO] Attempt #1; timeout: 30000 ms; url: https://launchermeta.mojang.com/mc/game/
[REPO][EXTRA_VERSION_REPO] Success: Reached the repo in 71 ms.
[ExtraVersionList] Got in 157 ms
[REPO][SKIN_VERSION_REPO] Success: Reached the repo in 170 ms.
[SkinVersionList] Got in 228 ms
[REPO][OFFICIAL_VERSION_REPO] Success: Reached the repo in 459 ms.
[OfficialVersionList] Got in 620 ms
[VersionManager] Versions has been refreshed (691 ms)
[REPO][ADD_HOT_SERVERS_REPO] Attempt #1; timeout: 30000 ms; url: https://repo.tlauncher.org/update/lch/additional_hot_servers-1.0.json
[REPO][HOT_SERVERS_REPO] Attempt #1; timeout: 30000 ms; url: https://repo.tlauncher.org/update/lch/servers/hot_servers-1.0.json
[REPO][ADD_HOT_SERVERS_REPO] Success: Reached the repo in 78 ms.
[REPO][HOT_SERVERS_REPO] Success: Reached the repo in 105 ms.
run server on  37842
[Double running] clear time label
[VersionManager] Refreshing versions locally...
[VersionManager] Versions has been refreshed (1 ms)
[VersionManager] Refreshing versions remotely...
[REPO][EXTRA_VERSION_REPO] Attempt #1; timeout: 30000 ms; url: https://repo.tlauncher.org/update/downloads/versions/new4/
[REPO][SKIN_VERSION_REPO] Attempt #1; timeout: 30000 ms; url: https://repo.tlauncher.org/update/downloads/versions/new4/skin/versions/
[REPO][OFFICIAL_VERSION_REPO] Attempt #1; timeout: 30000 ms; url: https://launchermeta.mojang.com/mc/game/
[REPO][SKIN_VERSION_REPO] Success: Reached the repo in 141 ms.
[SkinVersionList] Got in 146 ms
[REPO][EXTRA_VERSION_REPO] Success: Reached the repo in 150 ms.
[ExtraVersionList] Got in 164 ms
[REPO][OFFICIAL_VERSION_REPO] Success: Reached the repo in 736 ms.
[OfficialVersionList] Got in 807 ms
[VersionManager] Versions has been refreshed (810 ms)
[LoginForm] Catched an error on a listener
[LoginForm] org.tlauncher.tlauncher.ui.login.LoginException: Invalid user name!
at org.tlauncher.tlauncher.ui.login.UsernameField.validatePreGameLaunch(UsernameField.java:58)
at org.tlauncher.tlauncher.ui.login.LoginForm.runProcess(LoginForm.java:137)
at org.tlauncher.tlauncher.ui.login.LoginForm.access$000(LoginForm.java:47)
at org.tlauncher.tlauncher.ui.login.LoginForm$StartThread.iterateOnce(LoginForm.java:387)
at org.tlauncher.util.async.LoopedThread.run(LoopedThread.java:38)
Thread called by: org.tlauncher.util.async.ExtendedThread$ExtendedThreadCaller
at org.tlauncher.util.async.ExtendedThread.<init>(ExtendedThread.java:17)
at org.tlauncher.util.async.LoopedThread.<init>(LoopedThread.java:7)
at org.tlauncher.util.async.LoopedThread.<init>(LoopedThread.java:11)
at org.tlauncher.tlauncher.ui.login.LoginForm$StartThread.<init>(LoginForm.java:380)
at org.tlauncher.tlauncher.ui.login.LoginForm.<init>(LoginForm.java:85)
at org.tlauncher.tlauncher.ui.scenes.DefaultScene.<init>(DefaultScene.java:47)
at org.tlauncher.tlauncher.ui.MainPane.<init>(MainPane.java:69)
at org.tlauncher.tlauncher.ui.TLauncherFrame.<init>(TLauncherFrame.java:95)
at org.tlauncher.tlauncher.rmo.TLauncher.launch(TLauncher.java:338)
at org.tlauncher.tlauncher.rmo.TLauncher.main(TLauncher.java:211)

[LoginForm] Login process has ended with an error.
[TlauncherAuthenticator] Staring to authenticate: Account{displayName=null, type=TLAUNCHER, accessToken=(not null), userid=null, uuid=null, username=Ferrax}
[TlauncherAuthenticator] hasUsername: Ferrax
[TlauncherAuthenticator] hasPassword: true
[TlauncherAuthenticator] hasAccessToken: false
[TlauncherAuthenticator] Loggining in with password
[TlauncherAuthenticator] Cannot authenticate:
org.tlauncher.tlauncher.exceptions.auth.AuthenticatorException: Invalid user or password
at org.tlauncher.tlauncher.minecraft.auth.StandardAuthenticator.passwordLogin(StandardAuthenticator.java:91)
at org.tlauncher.tlauncher.minecraft.auth.StandardAuthenticator.pass(StandardAuthenticator.java:59)
at org.tlauncher.tlauncher.minecraft.auth.Authenticator.run(Authenticator.java:54)
at java.util.concurrent.CompletableFuture$AsyncRun.run(CompletableFuture.java:1640)
at java.util.concurrent.CompletableFuture$AsyncRun.exec(CompletableFuture.java:1632)
at java.util.concurrent.ForkJoinTask.doExec(ForkJoinTask.java:289)
at java.util.concurrent.ForkJoinPool$WorkQueue.runTask(ForkJoinPool.java:1067)
at java.util.concurrent.ForkJoinPool.runWorker(ForkJoinPool.java:1703)
at java.util.concurrent.ForkJoinWorkerThread.run(ForkJoinWorkerThread.java:172)

[OS] Trying to open link with default browser: http://TLauncher.org
[ProfileManager] Refreshing profiles from: E:\Игры\MineClient\TlauncherProfiles.json
save profiles
Good bye!
[Double running] clear time label
[TLauncherManager] before clearLibrary 
[TLauncherManager] written:  []
[TLauncherManager] after clearLibrary 
flush now
