[Loading] INITIALIZING
Starting TLauncher PRE 2.878 RELEASE
For more information, visit https://tlauncher.org/
Startup time: 14.03.2023 8:46:18
Running folder E:\Игры\minecraft
---
[Loading] LOADING_CONFIGURATION
Machine info: -------------------------------------------------------
Windows 10 10.0, Java 1.8.0_281, jvm bit x64, 32709 MB RAM
java path=C:\Users\Ferrax\AppData\Roaming\.tlauncher\jvms\jre1.8.0_281\bin\javaw.exe
Intel(R) Core(TM) i7-3820 CPU @ 3.60GHz
 NVIDIA GeForce RTX 3060, NVIDIA GeForce RTX 3060, 28491 MB
-------------------------------------------------------
Selected locale: ru_RU
[Loading] LOADING_CONSOLE
[Downloader2] Loaded configuration: good
[Updater] Requesting an update...
[Updater] Requesting from: https://repo.tlauncher.org/update/lch/update_test_master_2.0.json
[Updater] Making request: https://repo.tlauncher.org/update/lch/update_test_master_2.0.json?version=2.878&client=c5ed10e3-bec1-417c-8cde-44b74b82db13
[Browser] Loading resources...
[Browser] Loading background...
[Browser] Cleaning up after loading:
Starting garbage collector: 170 / 387 MB
Garbage collector completed: 28 / 480 MB
[Loading] LOADING_MANAGERS
[LocalVersionList] Base directory: E:\Игры\MineClient
[ProfileManager] Refreshing profiles from: E:\Игры\MineClient\TlauncherProfiles.json
file not exist TlauncherProfiles.json
[Updater] Request time: 542 ms
[Updater] Successfully requested from: https://repo.tlauncher.org/update/lch/update_test_master_2.0.json
[AdvertisingStatusObserver]  started to get ad information
[AdvertisingStatusObserver]  finished to get add information
save profiles
[GsonUtil]  request to https://repo.tlauncher.org/update/downloads/libraries/org/tlauncher/authlib/libraries-1.7.json
[Loading] LOADING_WINDOW
[JFXStartPageLoader]  start load page: https://page.tlauncher.org/update/downloads/configs/client/index.html
[Browser] Running in JavaFX Thread
[Browser] Preparing JavaFX...
[Swing] Favicons loaded: 256px, 128px, 96px, 64px, 48px, 32px, 24px, 16px
[Loading] PREPARING_MAINPANE
[Browser] Initializing...
[REPO][SERVER_LIST_REPO] Success: Reached the repo in 215 ms.
[JFXStartPageLoader]  succeeded load page: https://page.tlauncher.org/update/downloads/configs/client/index.html during 0
[Browser@1375202859] Loaded successfully: "https://page.tlauncher.org/update/downloads/configs/client/index.html"
[Downloader2] Loaded configuration: good
[Browser] add listens into server_choose
[Browser] finished listens into server_choose
[Loading] POSTINIT_GUI
[Frame] Packing main frame...
[Frame] Resizing main pane...
Updater is already closed. Showing up...
Visibility set.
[Loading] REFRESHING_INFO
[VersionManager] Refreshing versions remotely...
[REPO][EXTRA_VERSION_REPO] Attempt #1; timeout: 30000 ms; url: https://repo.tlauncher.org/update/downloads/versions/new4/
Started! (6141 ms.)
[Loading] SUCCESS
[TLauncher] show tlauncher!!!
[REPO][EXTRA_VERSION_REPO] Success: Reached the repo in 97 ms.
[REPO][OFFICIAL_VERSION_REPO] Attempt #1; timeout: 30000 ms; url: https://launchermeta.mojang.com/mc/game/
[REPO][SKIN_VERSION_REPO] Attempt #1; timeout: 30000 ms; url: https://repo.tlauncher.org/update/downloads/versions/new4/skin/versions/
[REPO][EXTRA_VERSION_REPO] Attempt #1; timeout: 30000 ms; url: https://repo.tlauncher.org/update/downloads/versions/new4/
[REPO][EXTRA_VERSION_REPO] Success: Reached the repo in 48 ms.
[ExtraVersionList] Got in 160 ms
[REPO][SKIN_VERSION_REPO] Success: Reached the repo in 166 ms.
[SkinVersionList] Got in 186 ms
[REPO][OFFICIAL_VERSION_REPO] Success: Reached the repo in 617 ms.
[OfficialVersionList] Got in 820 ms
[VersionManager] Versions has been refreshed (899 ms)
[REPO][ADD_HOT_SERVERS_REPO] Attempt #1; timeout: 30000 ms; url: https://repo.tlauncher.org/update/lch/additional_hot_servers-1.0.json
[REPO][HOT_SERVERS_REPO] Attempt #1; timeout: 30000 ms; url: https://repo.tlauncher.org/update/lch/servers/hot_servers-1.0.json
[REPO][ADD_HOT_SERVERS_REPO] Success: Reached the repo in 60 ms.
run server on  37842
[REPO][HOT_SERVERS_REPO] Success: Reached the repo in 99 ms.
[Double running] clear time label
Good bye!
[Double running] clear time label
[TLauncherManager] before clearLibrary 
[TLauncherManager] written:  []
[TLauncherManager] after clearLibrary 
flush now
