[08:53:38] [main/INFO]: Loading tweak class name org.tlauncher.tweaker.Tweaker
[08:53:38] [main/INFO]: Using primary tweak class name org.tlauncher.tweaker.Tweaker
[08:53:38] [main/INFO]: Calling tweak class org.tlauncher.tweaker.Tweaker
[08:53:39] [main/INFO]: Launching wrapped minecraft [net.minecraft.client.main.Main]
[08:53:44] [main/INFO]: Building optimized datafixer
[08:53:48] [Render thread/INFO]: Environment: authHost='https://authserver.mojang.com', accountsHost='https://api.mojang.com', sessionHost='https://sessionserver.mojang.com', servicesHost='https://api.minecraftservices.com', name='PROD'
[08:53:49] [Render thread/ERROR]: Failed to verify authentication
com.mojang.authlib.exceptions.InvalidCredentialsException: Status: 401
	at com.mojang.authlib.exceptions.MinecraftClientHttpException.toAuthenticationException(MinecraftClientHttpException.java:56) ~[authlib-3.16.29.5.jar:?]
	at com.mojang.authlib.yggdrasil.YggdrasilUserApiService.fetchProperties(YggdrasilUserApiService.java:156) ~[authlib-3.16.29.5.jar:?]
	at com.mojang.authlib.yggdrasil.YggdrasilUserApiService.<init>(YggdrasilUserApiService.java:55) ~[authlib-3.16.29.5.jar:?]
	at com.mojang.authlib.yggdrasil.YggdrasilAuthenticationService.createUserApiService(YggdrasilAuthenticationService.java:161) ~[authlib-3.16.29.5.jar:?]
	at ejf.a(SourceFile:724) ~[1.19.3.jar:?]
	at ejf.<init>(SourceFile:437) ~[1.19.3.jar:?]
	at net.minecraft.client.main.Main.a(SourceFile:205) ~[1.19.3.jar:?]
	at net.minecraft.client.main.Main.main(SourceFile:51) ~[1.19.3.jar:?]
	at jdk.internal.reflect.NativeMethodAccessorImpl.invoke0(Native Method) ~[?:?]
	at jdk.internal.reflect.NativeMethodAccessorImpl.invoke(NativeMethodAccessorImpl.java:77) ~[?:?]
	at jdk.internal.reflect.DelegatingMethodAccessorImpl.invoke(DelegatingMethodAccessorImpl.java:43) ~[?:?]
	at java.lang.reflect.Method.invoke(Method.java:568) ~[?:?]
	at net.minecraft.launchwrapper.Launch.launch(Launch.java:136) ~[tl_skin_cape_1.19.3-1.28.jar:?]
	at net.minecraft.launchwrapper.Launch.main(Launch.java:31) ~[tl_skin_cape_1.19.3-1.28.jar:?]
Caused by: com.mojang.authlib.exceptions.MinecraftClientHttpException: Status: 401
	at com.mojang.authlib.minecraft.client.MinecraftClient.readInputStream(MinecraftClient.java:87) ~[authlib-3.16.29.5.jar:?]
	at com.mojang.authlib.minecraft.client.MinecraftClient.get(MinecraftClient.java:48) ~[authlib-3.16.29.5.jar:?]
	at com.mojang.authlib.yggdrasil.YggdrasilUserApiService.fetchProperties(YggdrasilUserApiService.java:129) ~[authlib-3.16.29.5.jar:?]
	... 12 more
[08:53:49] [Render thread/INFO]: Setting user: Ferrax
[08:53:49] [Render thread/INFO]: Backend library: LWJGL version 3.3.1 build 7
[08:53:53] [Render thread/INFO]: Narrator library for x64 successfully loaded
[08:53:53] [Render thread/INFO]: Reloading ResourceManager: vanilla
[08:53:54] [Realms Notification Availability checker #1/INFO]: Could not authorize you against Realms server: Invalid session id
[08:53:58] [Render thread/WARN]: Missing sound for event: minecraft:item.goat_horn.play
[08:53:58] [Render thread/WARN]: Missing sound for event: minecraft:entity.goat.screaming.horn_break
[08:53:59] [Render thread/INFO]: OpenAL initialized on device OpenAL Soft on LG FULL HD (NVIDIA High Definition Audio)
[08:53:59] [Render thread/INFO]: Sound engine started
[08:53:59] [Render thread/INFO]: Created: 1024x1024x4 minecraft:textures/atlas/blocks.png-atlas
[08:53:59] [Render thread/INFO]: Created: 512x256x4 minecraft:textures/atlas/signs.png-atlas
[08:53:59] [Render thread/INFO]: Created: 1024x512x4 minecraft:textures/atlas/shield_patterns.png-atlas
[08:53:59] [Render thread/INFO]: Created: 1024x512x4 minecraft:textures/atlas/banner_patterns.png-atlas
[08:53:59] [Render thread/INFO]: Created: 256x256x4 minecraft:textures/atlas/chest.png-atlas
[08:53:59] [Render thread/INFO]: Created: 512x256x4 minecraft:textures/atlas/shulker_boxes.png-atlas
[08:53:59] [Render thread/INFO]: Created: 512x256x4 minecraft:textures/atlas/beds.png-atlas
[08:53:59] [Render thread/WARN]: Shader rendertype_entity_translucent_emissive could not find sampler named Sampler2 in the specified shader program.
[08:53:59] [Render thread/INFO]: Created: 512x256x0 minecraft:textures/atlas/particles.png-atlas
[08:53:59] [Render thread/INFO]: Created: 256x256x0 minecraft:textures/atlas/paintings.png-atlas
[08:53:59] [Render thread/INFO]: Created: 256x128x0 minecraft:textures/atlas/mob_effects.png-atlas
[08:54:20] [Render thread/INFO]: Stopping!
[08:54:20] [Render thread/ERROR]: Deleting stream buffers: Invalid name parameter.
